mode: set
github.com/kawai-org/kawai-backend/api/index.go:13.54,25.2 3 0
github.com/kawai-org/kawai-backend/helper/gcallapi/gcalendar.go:14.98,19.16 3 0
github.com/kawai-org/kawai-backend/helper/gcallapi/gcalendar.go:19.16,21.3 1 0
github.com/kawai-org/kawai-backend/helper/gcallapi/gcalendar.go:23.2,24.16 2 0
github.com/kawai-org/kawai-backend/helper/gcallapi/gcalendar.go:24.16,26.3 1 0
github.com/kawai-org/kawai-backend/helper/gcallapi/gcalendar.go:28.2,28.37 1 0
github.com/kawai-org/kawai-backend/helper/gcallapi/gcalendar.go:28.37,30.17 2 0
github.com/kawai-org/kawai-backend/helper/gcallapi/gcalendar.go:30.17,32.4 1 0
github.com/kawai-org/kawai-backend/helper/gcallapi/gcalendar.go:33.3,34.17 2 0
github.com/kawai-org/kawai-backend/helper/gcallapi/gcalendar.go:34.17,36.4 1 0
github.com/kawai-org/kawai-backend/helper/gcallapi/gcalendar.go:39.2,41.16 3 0
github.com/kawai-org/kawai-backend/helper/gcallapi/gcalendar.go:41.16,43.3 1 0
github.com/kawai-org/kawai-backend/helper/gcallapi/gcalendar.go:45.2,49.46 4 0
github.com/kawai-org/kawai-backend/helper/gcallapi/gcalendar.go:49.46,51.3 1 0
github.com/kawai-org/kawai-backend/helper/gcallapi/gcalendar.go:53.2,68.38 2 0
github.com/kawai-org/kawai-backend/helper/gcallapi/gcalendar.go:68.38,70.54 2 0
github.com/kawai-org/kawai-backend/helper/gcallapi/gcalendar.go:70.54,76.4 1 0
github.com/kawai-org/kawai-backend/helper/gcallapi/gcalendar.go:79.2,81.19 3 0
github.com/kawai-org/kawai-backend/helper/gcallapi/gettoken.go:15.68,19.16 4 0
github.com/kawai-org/kawai-backend/helper/gcallapi/gettoken.go:19.16,21.3 1 0
github.com/kawai-org/kawai-backend/helper/gcallapi/gettoken.go:23.2,23.45 1 0
github.com/kawai-org/kawai-backend/helper/gcallapi/gettoken.go:23.45,25.3 1 0
github.com/kawai-org/kawai-backend/helper/gcallapi/gettoken.go:27.2,38.20 2 0
github.com/kawai-org/kawai-backend/helper/gcallapi/gettoken.go:42.61,46.16 4 0
github.com/kawai-org/kawai-backend/helper/gcallapi/gettoken.go:46.16,48.3 1 0
github.com/kawai-org/kawai-backend/helper/gcallapi/gettoken.go:50.2,57.29 2 0
github.com/kawai-org/kawai-backend/helper/gcallapi/gettoken.go:57.29,59.3 1 0
github.com/kawai-org/kawai-backend/helper/gcallapi/gettoken.go:61.2,61.19 1 0
github.com/kawai-org/kawai-backend/helper/gcallapi/gettoken.go:65.86,68.16 3 0
github.com/kawai-org/kawai-backend/helper/gcallapi/gettoken.go:68.16,70.3 1 0
github.com/kawai-org/kawai-backend/helper/gcallapi/gettoken.go:71.2,71.22 1 0
github.com/kawai-org/kawai-backend/helper/gcallapi/gettoken.go:75.63,90.2 4 0
github.com/kawai-org/kawai-backend/helper/atapi/api.go:11.149,15.16 4 0
github.com/kawai-org/kawai-backend/helper/atapi/api.go:15.16,17.3 1 0
github.com/kawai-org/kawai-backend/helper/atapi/api.go:18.2,21.16 4 0
github.com/kawai-org/kawai-backend/helper/atapi/api.go:21.16,23.3 1 0
github.com/kawai-org/kawai-backend/helper/atapi/api.go:24.2,27.16 4 0
github.com/kawai-org/kawai-backend/helper/atapi/api.go:27.16,29.3 1 0
github.com/kawai-org/kawai-backend/helper/atapi/api.go:30.2,30.57 1 0
github.com/kawai-org/kawai-backend/helper/atapi/api.go:30.57,34.3 3 0
github.com/kawai-org/kawai-backend/helper/atapi/api.go:35.2,35.8 1 0
github.com/kawai-org/kawai-backend/helper/atapi/api.go:38.152,42.16 4 0
github.com/kawai-org/kawai-backend/helper/atapi/api.go:42.16,44.3 1 0
github.com/kawai-org/kawai-backend/helper/atapi/api.go:45.2,48.16 4 0
github.com/kawai-org/kawai-backend/helper/atapi/api.go:48.16,50.3 1 0
github.com/kawai-org/kawai-backend/helper/atapi/api.go:51.2,54.16 4 0
github.com/kawai-org/kawai-backend/helper/atapi/api.go:54.16,56.3 1 0
github.com/kawai-org/kawai-backend/helper/atapi/api.go:57.2,57.57 1 0
github.com/kawai-org/kawai-backend/helper/atapi/api.go:57.57,61.3 3 0
github.com/kawai-org/kawai-backend/helper/atapi/api.go:62.2,62.8 1 0
github.com/kawai-org/kawai-backend/helper/atapi/api.go:65.73,67.16 2 0
github.com/kawai-org/kawai-backend/helper/atapi/api.go:67.16,69.3 1 0
github.com/kawai-org/kawai-backend/helper/atapi/api.go:70.2,73.16 4 0
github.com/kawai-org/kawai-backend/helper/atapi/api.go:73.16,75.3 1 0
github.com/kawai-org/kawai-backend/helper/atapi/api.go:76.2,76.52 1 0
github.com/kawai-org/kawai-backend/helper/atapi/api.go:76.52,80.3 3 0
github.com/kawai-org/kawai-backend/helper/atapi/api.go:81.2,81.8 1 0
github.com/kawai-org/kawai-backend/helper/atapi/api.go:84.103,87.16 3 0
github.com/kawai-org/kawai-backend/helper/atapi/api.go:87.16,89.3 1 0
github.com/kawai-org/kawai-backend/helper/atapi/api.go:90.2,93.16 4 0
github.com/kawai-org/kawai-backend/helper/atapi/api.go:93.16,95.3 1 0
github.com/kawai-org/kawai-backend/helper/atapi/api.go:96.2,99.16 4 0
github.com/kawai-org/kawai-backend/helper/atapi/api.go:99.16,101.3 1 0
github.com/kawai-org/kawai-backend/helper/atapi/api.go:102.2,102.57 1 0
github.com/kawai-org/kawai-backend/helper/atapi/api.go:102.57,106.3 3 0
github.com/kawai-org/kawai-backend/helper/atapi/api.go:107.2,107.8 1 0
github.com/kawai-org/kawai-backend/helper/atapi/api.go:110.124,113.16 3 0
github.com/kawai-org/kawai-backend/helper/atapi/api.go:113.16,115.3 1 0
github.com/kawai-org/kawai-backend/helper/atapi/api.go:116.2,119.16 4 0
github.com/kawai-org/kawai-backend/helper/atapi/api.go:119.16,121.3 1 0
github.com/kawai-org/kawai-backend/helper/atapi/api.go:122.2,125.16 4 0
github.com/kawai-org/kawai-backend/helper/atapi/api.go:125.16,127.3 1 0
github.com/kawai-org/kawai-backend/helper/atapi/api.go:128.2,128.57 1 0
github.com/kawai-org/kawai-backend/helper/atapi/api.go:128.57,132.3 3 0
github.com/kawai-org/kawai-backend/helper/atapi/api.go:133.2,133.8 1 0
github.com/kawai-org/kawai-backend/config/db.go:17.75,21.27 4 1
github.com/kawai-org/kawai-backend/config/db.go:21.27,24.3 2 1
github.com/kawai-org/kawai-backend/config/db.go:25.2,25.14 1 1
github.com/kawai-org/kawai-backend/config/db.go:28.16,30.2 0 1
github.com/kawai-org/kawai-backend/controller/whatsauth.go:18.69,22.2 3 0
github.com/kawai-org/kawai-backend/controller/whatsauth.go:24.60,27.2 2 0
github.com/kawai-org/kawai-backend/controller/whatsauth.go:29.61,34.21 3 1
github.com/kawai-org/kawai-backend/controller/whatsauth.go:34.21,38.3 3 0
github.com/kawai-org/kawai-backend/controller/whatsauth.go:41.2,42.18 2 1
github.com/kawai-org/kawai-backend/controller/whatsauth.go:42.18,46.3 3 0
github.com/kawai-org/kawai-backend/controller/whatsauth.go:48.2,49.16 2 1
github.com/kawai-org/kawai-backend/controller/whatsauth.go:49.16,53.3 3 0
github.com/kawai-org/kawai-backend/controller/whatsauth.go:55.2,55.30 1 1
github.com/kawai-org/kawai-backend/controller/whatsauth.go:55.30,59.3 3 1
github.com/kawai-org/kawai-backend/controller/whatsauth.go:62.2,63.61 2 0
github.com/kawai-org/kawai-backend/controller/whatsauth.go:63.61,66.3 2 0
github.com/kawai-org/kawai-backend/controller/whatsauth.go:69.2,69.19 1 0
github.com/kawai-org/kawai-backend/controller/whatsauth.go:69.19,75.88 4 0
github.com/kawai-org/kawai-backend/controller/whatsauth.go:75.88,78.46 2 0
github.com/kawai-org/kawai-backend/controller/whatsauth.go:78.46,80.5 1 0
github.com/kawai-org/kawai-backend/controller/whatsauth.go:83.4,83.34 1 0
github.com/kawai-org/kawai-backend/controller/whatsauth.go:83.34,85.5 1 0
github.com/kawai-org/kawai-backend/controller/whatsauth.go:85.10,88.22 2 0
github.com/kawai-org/kawai-backend/controller/whatsauth.go:88.22,90.6 1 0
github.com/kawai-org/kawai-backend/controller/whatsauth.go:90.11,93.27 2 0
github.com/kawai-org/kawai-backend/controller/whatsauth.go:93.27,95.7 1 0
github.com/kawai-org/kawai-backend/controller/whatsauth.go:95.12,97.7 1 0
github.com/kawai-org/kawai-backend/controller/whatsauth.go:100.6,101.43 2 0
github.com/kawai-org/kawai-backend/controller/whatsauth.go:101.43,103.7 1 0
github.com/kawai-org/kawai-backend/controller/whatsauth.go:105.6,115.20 3 0
github.com/kawai-org/kawai-backend/controller/whatsauth.go:115.20,117.7 1 0
github.com/kawai-org/kawai-backend/controller/whatsauth.go:117.12,119.7 1 0
github.com/kawai-org/kawai-backend/controller/whatsauth.go:124.9,124.90 1 0
github.com/kawai-org/kawai-backend/controller/whatsauth.go:124.90,129.37 3 0
github.com/kawai-org/kawai-backend/controller/whatsauth.go:129.37,131.5 1 0
github.com/kawai-org/kawai-backend/controller/whatsauth.go:131.10,135.32 3 0
github.com/kawai-org/kawai-backend/controller/whatsauth.go:135.32,138.29 2 0
github.com/kawai-org/kawai-backend/controller/whatsauth.go:138.29,140.7 1 0
github.com/kawai-org/kawai-backend/controller/whatsauth.go:142.6,143.27 2 0
github.com/kawai-org/kawai-backend/controller/whatsauth.go:143.27,145.7 1 0
github.com/kawai-org/kawai-backend/controller/whatsauth.go:147.6,148.26 2 0
github.com/kawai-org/kawai-backend/controller/whatsauth.go:150.5,151.27 2 0
github.com/kawai-org/kawai-backend/controller/whatsauth.go:155.9,155.58 1 0
github.com/kawai-org/kawai-backend/controller/whatsauth.go:155.58,157.4 1 0
github.com/kawai-org/kawai-backend/controller/whatsauth.go:157.9,160.4 1 0
github.com/kawai-org/kawai-backend/controller/whatsauth.go:163.3,163.21 1 0
github.com/kawai-org/kawai-backend/controller/whatsauth.go:163.21,171.4 2 0
github.com/kawai-org/kawai-backend/controller/whatsauth.go:174.2,174.59 1 0
github.com/kawai-org/kawai-backend/controller/whatsauth.go:177.64,180.2 2 0
github.com/kawai-org/kawai-backend/controller/whatsauth.go:182.61,185.2 2 0
github.com/kawai-org/kawai-backend/route/route.go:11.50,12.42 1 1
github.com/kawai-org/kawai-backend/route/route.go:12.42,14.3 1 1
github.com/kawai-org/kawai-backend/route/route.go:15.2,20.9 4 1
github.com/kawai-org/kawai-backend/route/route.go:21.70,22.34 1 1
github.com/kawai-org/kawai-backend/route/route.go:23.38,24.27 1 1
github.com/kawai-org/kawai-backend/route/route.go:25.10,26.28 1 1
github.com/kawai-org/kawai-backend/helper/atdb/mongo.go:22.58,25.16 3 1
github.com/kawai-org/kawai-backend/helper/atdb/mongo.go:25.16,27.3 1 0
github.com/kawai-org/kawai-backend/helper/atdb/mongo.go:28.2,28.43 1 1
github.com/kawai-org/kawai-backend/helper/atdb/mongo.go:31.49,41.78 7 0
github.com/kawai-org/kawai-backend/helper/atdb/mongo.go:41.78,46.4 2 0
github.com/kawai-org/kawai-backend/helper/atdb/mongo.go:48.2,49.16 2 0
github.com/kawai-org/kawai-backend/helper/atdb/mongo.go:49.16,50.13 1 0
github.com/kawai-org/kawai-backend/helper/atdb/mongo.go:52.2,53.27 2 0
github.com/kawai-org/kawai-backend/helper/atdb/mongo.go:53.27,55.3 1 0
github.com/kawai-org/kawai-backend/helper/atdb/mongo.go:57.2,59.33 3 0
github.com/kawai-org/kawai-backend/helper/atdb/mongo.go:59.33,61.3 1 0
github.com/kawai-org/kawai-backend/helper/atdb/mongo.go:62.2,63.8 2 0
github.com/kawai-org/kawai-backend/helper/atdb/mongo.go:66.112,69.16 3 0
github.com/kawai-org/kawai-backend/helper/atdb/mongo.go:69.16,71.3 1 0
github.com/kawai-org/kawai-backend/helper/atdb/mongo.go:72.2,72.17 1 0
github.com/kawai-org/kawai-backend/helper/atdb/mongo.go:76.106,79.16 3 0
github.com/kawai-org/kawai-backend/helper/atdb/mongo.go:79.16,81.3 1 0
github.com/kawai-org/kawai-backend/helper/atdb/mongo.go:84.2,85.27 2 0
github.com/kawai-org/kawai-backend/helper/atdb/mongo.go:85.27,87.10 2 0
github.com/kawai-org/kawai-backend/helper/atdb/mongo.go:87.10,89.4 1 0
github.com/kawai-org/kawai-backend/helper/atdb/mongo.go:90.3,90.20 1 0
github.com/kawai-org/kawai-backend/helper/atdb/mongo.go:92.2,92.20 1 0
github.com/kawai-org/kawai-backend/helper/atdb/mongo.go:95.100,101.16 4 0
github.com/kawai-org/kawai-backend/helper/atdb/mongo.go:101.16,103.3 1 0
github.com/kawai-org/kawai-backend/helper/atdb/mongo.go:105.2,107.8 2 0
github.com/kawai-org/kawai-backend/helper/atdb/mongo.go:110.96,113.16 3 0
github.com/kawai-org/kawai-backend/helper/atdb/mongo.go:113.16,115.3 1 0
github.com/kawai-org/kawai-backend/helper/atdb/mongo.go:116.2,118.16 3 0
github.com/kawai-org/kawai-backend/helper/atdb/mongo.go:118.16,120.3 1 0
github.com/kawai-org/kawai-backend/helper/atdb/mongo.go:121.2,121.8 1 0
github.com/kawai-org/kawai-backend/helper/atdb/mongo.go:124.97,126.16 2 0
github.com/kawai-org/kawai-backend/helper/atdb/mongo.go:126.16,128.3 1 0
github.com/kawai-org/kawai-backend/helper/atdb/mongo.go:129.2,129.8 1 0
github.com/kawai-org/kawai-backend/helper/atdb/mongo.go:132.96,134.16 2 1
github.com/kawai-org/kawai-backend/helper/atdb/mongo.go:134.16,136.3 1 0
github.com/kawai-org/kawai-backend/helper/atdb/mongo.go:137.2,137.8 1 1
github.com/kawai-org/kawai-backend/helper/atdb/mongo.go:141.66,143.2 1 0
github.com/kawai-org/kawai-backend/helper/atdb/mongo.go:145.121,148.2 2 0
github.com/kawai-org/kawai-backend/helper/atdb/mongo.go:150.119,153.2 2 0
github.com/kawai-org/kawai-backend/helper/atdb/mongo.go:155.102,158.16 3 0
github.com/kawai-org/kawai-backend/helper/atdb/mongo.go:158.16,160.3 1 0
github.com/kawai-org/kawai-backend/helper/atdb/mongo.go:161.2,161.8 1 0
github.com/kawai-org/kawai-backend/helper/atdb/mongo.go:164.120,167.16 3 0
github.com/kawai-org/kawai-backend/helper/atdb/mongo.go:167.16,169.3 1 0
github.com/kawai-org/kawai-backend/helper/atdb/mongo.go:170.2,170.8 1 0
github.com/kawai-org/kawai-backend/helper/atdb/mongo.go:181.118,183.16 2 0
github.com/kawai-org/kawai-backend/helper/atdb/mongo.go:183.16,185.3 1 0
github.com/kawai-org/kawai-backend/helper/atdb/mongo.go:186.2,186.58 1 0
github.com/kawai-org/kawai-backend/helper/atdb/mongo.go:189.127,191.16 2 0
github.com/kawai-org/kawai-backend/helper/atdb/mongo.go:191.16,193.3 1 0
github.com/kawai-org/kawai-backend/helper/atdb/mongo.go:194.2,194.58 1 0
github.com/kawai-org/kawai-backend/helper/atdb/mongo.go:198.116,201.25 2 0
github.com/kawai-org/kawai-backend/helper/atdb/mongo.go:201.25,203.3 1 0
github.com/kawai-org/kawai-backend/helper/atdb/mongo.go:205.2,206.16 2 0
github.com/kawai-org/kawai-backend/helper/atdb/mongo.go:206.16,208.3 1 0
github.com/kawai-org/kawai-backend/helper/atdb/mongo.go:209.2,209.38 1 0
github.com/kawai-org/kawai-backend/helper/atdb/mongo.go:219.140,221.16 2 0
github.com/kawai-org/kawai-backend/helper/atdb/mongo.go:221.16,223.3 1 0
github.com/kawai-org/kawai-backend/helper/atdb/mongo.go:224.2,224.8 1 0
github.com/kawai-org/kawai-backend/helper/atdb/mongo.go:229.138,231.16 2 0
github.com/kawai-org/kawai-backend/helper/atdb/mongo.go:231.16,233.3 1 0
github.com/kawai-org/kawai-backend/helper/atdb/mongo.go:234.2,234.8 1 0
github.com/kawai-org/kawai-backend/helper/atdb/mongo.go:238.98,251.16 6 0
github.com/kawai-org/kawai-backend/helper/atdb/mongo.go:251.16,253.3 1 0
github.com/kawai-org/kawai-backend/helper/atdb/mongo.go:255.2,255.20 1 0
github.com/kawai-org/kawai-backend/helper/atdb/mongo.go:257.95,259.16 2 0
github.com/kawai-org/kawai-backend/helper/atdb/mongo.go:259.16,261.3 1 0
github.com/kawai-org/kawai-backend/helper/atdb/mongo.go:262.2,262.8 1 0
github.com/kawai-org/kawai-backend/helper/atdb/notes.go:11.55,14.2 2 1
